Using pre-set license
Built from '2021.3/staging' branch; Version is '2021.3.14f1 (eee1884e7226) revision 15655304'; Using compiler version '192829333'; Build Type 'Release'
OS: 'Windows 10  (10.0.19044) 64bit CoreSingleLanguage' Language: 'en' Physical Memory: 16236 MB
BatchMode: 1, IsHumanControllingUs: 0, StartBugReporterOnCrash: 0, Is64bit: 1, IsPro: 1

COMMAND LINE ARGUMENTS:
C:\Program Files\Unity\Hub\Editor\2021.3.14f1\Editor\Unity.exe
-adb2
-batchMode
-noUpm
-name
AssetImportWorker2
-projectPath
C:/Users/abdul/My project
-logFile
Logs/AssetImportWorker2.log
-srvPort
58492
Successfully changed project path to: C:/Users/abdul/My project
C:/Users/abdul/My project
[UnityMemory] Configuration Parameters - Can be set up in boot.config
    "memorysetup-bucket-allocator-granularity=16"
    "memorysetup-bucket-allocator-bucket-count=8"
    "memorysetup-bucket-allocator-block-size=33554432"
    "memorysetup-bucket-allocator-block-count=8"
    "memorysetup-main-allocator-block-size=16777216"
    "memorysetup-thread-allocator-block-size=16777216"
    "memorysetup-gfx-main-allocator-block-size=16777216"
    "memorysetup-gfx-thread-allocator-block-size=16777216"
    "memorysetup-cache-allocator-block-size=4194304"
    "memorysetup-typetree-allocator-block-size=2097152"
    "memorysetup-profiler-bucket-allocator-granularity=16"
    "memorysetup-profiler-bucket-allocator-bucket-count=8"
    "memorysetup-profiler-bucket-allocator-block-size=33554432"
    "memorysetup-profiler-bucket-allocator-block-count=8"
    "memorysetup-profiler-allocator-block-size=16777216"
    "memorysetup-profiler-editor-allocator-block-size=1048576"
    "memorysetup-temp-allocator-size-main=16777216"
    "memorysetup-job-temp-allocator-block-size=2097152"
    "memorysetup-job-temp-allocator-block-size-background=1048576"
    "memorysetup-job-temp-allocator-reduction-small-platforms=262144"
    "memorysetup-temp-allocator-size-background-worker=32768"
    "memorysetup-temp-allocator-size-job-worker=262144"
    "memorysetup-temp-allocator-size-preload-manager=33554432"
    "memorysetup-temp-allocator-size-nav-mesh-worker=65536"
    "memorysetup-temp-allocator-size-audio-worker=65536"
    "memorysetup-temp-allocator-size-cloud-worker=32768"
    "memorysetup-temp-allocator-size-gi-baking-worker=262144"
    "memorysetup-temp-allocator-size-gfx=262144"
Refreshing native plugins compatible for Editor in 93.68 ms, found 12 plugins.
Preloading 1 native plugins for Editor in 0.64 ms.
Initialize engine version: 2021.3.14f1 (eee1884e7226)
[Subsystems] Discovering subsystems at path C:/Program Files/Unity/Hub/Editor/2021.3.14f1/Editor/Data/Resources/UnitySubsystems
[Subsystems] Discovering subsystems at path C:/Users/abdul/My project/Assets
GfxDevice: creating device client; threaded=0; jobified=0
Direct3D:
    Version:  Direct3D 11.0 [level 11.1]
    Renderer: NVIDIA GeForce RTX 3060 Laptop GPU (ID=0x2560)
    Vendor:   NVIDIA
    VRAM:     6023 MB
    Driver:   30.0.15.1277
Initialize mono
Mono path[0] = 'C:/Program Files/Unity/Hub/Editor/2021.3.14f1/Editor/Data/Managed'
Mono path[1] = 'C:/Program Files/Unity/Hub/Editor/2021.3.14f1/Editor/Data/MonoBleedingEdge/lib/mono/unityjit-win32'
Mono config path = 'C:/Program Files/Unity/Hub/Editor/2021.3.14f1/Editor/Data/MonoBleedingEdge/etc'
Using monoOptions --debugger-agent=transport=dt_socket,embedding=1,server=y,suspend=n,address=127.0.0.1:56784
Begin MonoManager ReloadAssembly
Registering precompiled unity dll's ...
Register platform support module: C:/Program Files/Unity/Hub/Editor/2021.3.14f1/Editor/Data/PlaybackEngines/WebGLSupport/UnityEditor.WebGL.Extensions.dll
Register platform support module: C:/Program Files/Unity/Hub/Editor/2021.3.14f1/Editor/Data/PlaybackEngines/WindowsStandaloneSupport/UnityEditor.WindowsStandalone.Extensions.dll
Registered in 0.007544 seconds.
Native extension for WindowsStandalone target not found
Native extension for WebGL target not found
Refreshing native plugins compatible for Editor in 73.19 ms, found 12 plugins.
Preloading 1 native plugins for Editor in 0.08 ms.
Mono: successfully reloaded assembly
- Completed reload, in  0.495 seconds
Domain Reload Profiling:
	ReloadAssembly (496ms)
		BeginReloadAssembly (61ms)
			ExecutionOrderSort (0ms)
			DisableScriptedObjects (0ms)
			BackupInstance (0ms)
			ReleaseScriptingObjects (0ms)
			CreateAndSetChildDomain (1ms)
		EndReloadAssembly (343ms)
			LoadAssemblies (59ms)
			RebuildTransferFunctionScriptingTraits (0ms)
			SetupTypeCache (74ms)
			ReleaseScriptCaches (0ms)
			RebuildScriptCaches (19ms)
			SetupLoadedEditorAssemblies (207ms)
				LogAssemblyErrors (0ms)
				InitializePlatformSupportModulesInManaged (8ms)
				SetLoadedEditorAssemblies (0ms)
				RefreshPlugins (73ms)
				BeforeProcessingInitializeOnLoad (1ms)
				ProcessInitializeOnLoadAttributes (91ms)
				ProcessInitializeOnLoadMethodAttributes (33ms)
				AfterProcessingInitializeOnLoad (0ms)
				EditorAssembliesLoaded (0ms)
			ExecutionOrderSort2 (0ms)
			AwakeInstancesAfterBackupRestoration (0ms)
Platform modules already initialized, skipping
Registering precompiled user dll's ...
Registered in 0.010841 seconds.
Begin MonoManager ReloadAssembly
Symbol file LoadedFromMemory doesn't match image C:\Users\abdul\My project\Library\PackageCache\com.unity.visualscripting@1.7.8\Editor\VisualScripting.Core\Dependencies\DotNetZip\Unity.VisualScripting.IonicZip.dll
Symbol file LoadedFromMemory doesn't match image C:\Users\abdul\My project\Library\PackageCache\com.unity.visualscripting@1.7.8\Editor\VisualScripting.Core\Dependencies\YamlDotNet\Unity.VisualScripting.YamlDotNet.dll
Native extension for WindowsStandalone target not found
Native extension for WebGL target not found
Refreshing native plugins compatible for Editor in 75.72 ms, found 12 plugins.
Preloading 1 native plugins for Editor in 0.08 ms.
Package Manager log level set to [2]
System.Reflection.TargetInvocationException: Exception has been thrown by the target of an invocation. ---> System.NullReferenceException: Object reference not set to an instance of an object
  at Unity.XR.Oculus.OculusLoader.AssetPathToAbsolutePath (System.String assetPath) [0x0003d] in C:\Users\abdul\My project\Library\PackageCache\com.unity.xr.oculus@3.2.1\Runtime\OculusLoader.cs:296 
  at Unity.XR.Oculus.OculusLoader.EditorLoadOVRPlugin () [0x0007b] in C:\Users\abdul\My project\Library\PackageCache\com.unity.xr.oculus@3.2.1\Runtime\OculusLoader.cs:281 
  at (wrapper managed-to-native) System.Reflection.RuntimeMethodInfo.InternalInvoke(System.Reflection.RuntimeMethodInfo,object,object[],System.Exception&)
  at System.Reflection.RuntimeMethodInfo.Invoke (System.Object obj, System.Reflection.BindingFlags invokeAttr, System.Reflection.Binder binder, System.Object[] parameters, System.Globalization.CultureInfo culture) [0x0006a] in <d6232873609549b8a045fa15811a5bd3>:0 
   --- End of inner exception stack trace ---
  at System.Reflection.RuntimeMethodInfo.Invoke (System.Object obj, System.Reflection.BindingFlags invokeAttr, System.Reflection.Binder binder, System.Object[] parameters, System.Globalization.CultureInfo culture) [0x00083] in <d6232873609549b8a045fa15811a5bd3>:0 
  at System.Reflection.MethodBase.Invoke (System.Object obj, System.Object[] parameters) [0x00000] in <d6232873609549b8a045fa15811a5bd3>:0 
  at UnityEditor.EditorAssemblies.ProcessInitializeOnLoadMethodAttributes () [0x000a5] in <6a5b55f2e18b419e9faedac06ac6af94>:0 
UnityEngine.StackTraceUtility:ExtractStackTrace ()
UnityEngine.DebugLogHandler:LogFormat (UnityEngine.LogType,UnityEngine.Object,string,object[])
UnityEngine.Logger:Log (UnityEngine.LogType,object)
UnityEngine.Debug:LogError (object)
UnityEditor.EditorAssemblies:ProcessInitializeOnLoadMethodAttributes ()

Mono: successfully reloaded assembly
- Completed reload, in  0.982 seconds
Domain Reload Profiling:
	ReloadAssembly (983ms)
		BeginReloadAssembly (91ms)
			ExecutionOrderSort (0ms)
			DisableScriptedObjects (4ms)
			BackupInstance (0ms)
			ReleaseScriptingObjects (0ms)
			CreateAndSetChildDomain (18ms)
		EndReloadAssembly (798ms)
			LoadAssemblies (78ms)
			RebuildTransferFunctionScriptingTraits (0ms)
			SetupTypeCache (212ms)
			ReleaseScriptCaches (1ms)
			RebuildScriptCaches (40ms)
			SetupLoadedEditorAssemblies (429ms)
				LogAssemblyErrors (0ms)
				InitializePlatformSupportModulesInManaged (5ms)
				SetLoadedEditorAssemblies (0ms)
				RefreshPlugins (76ms)
				BeforeProcessingInitializeOnLoad (80ms)
				ProcessInitializeOnLoadAttributes (233ms)
				ProcessInitializeOnLoadMethodAttributes (27ms)
				AfterProcessingInitializeOnLoad (8ms)
				EditorAssembliesLoaded (0ms)
			ExecutionOrderSort2 (0ms)
			AwakeInstancesAfterBackupRestoration (5ms)
Platform modules already initialized, skipping
========================================================================
Worker process is ready to serve import requests
Launched and connected shader compiler UnityShaderCompiler.exe after 0.03 seconds
Refreshing native plugins compatible for Editor in 0.85 ms, found 12 plugins.
Preloading 1 native plugins for Editor in 0.09 ms.
Unloading 4064 Unused Serialized files (Serialized files now loaded: 0)
Unloading 54 unused Assets / (114.5 KB). Loaded Objects now: 4500.
Memory consumption went from 141.8 MB to 141.7 MB.
Total: 3.080300 ms (FindLiveObjects: 0.258800 ms CreateObjectMapping: 0.111100 ms MarkObjects: 2.608300 ms  DeleteObjects: 0.101300 ms)

AssetImportParameters requested are different than current active one (requested -> active):
  custom:video-decoder-ogg-theora: a1e56fd34408186e4bbccfd4996cb3dc -> 
  custom:container-muxer-webm: aa71ff27fc2769a1b78a27578f13a17b -> 
  custom:container-demuxer-webm: 4f35f7cbe854078d1ac9338744f61a02 -> 
  custom:video-encoder-webm-vp8: eb34c28f22e8b96e1ab97ce403110664 -> 
  custom:video-codec-MediaFoundation-h265: 746d11721c4dcdbdad8f713fa42b33f4 -> 
  custom:audio-encoder-webm-vorbis: bf7c407c2cedff20999df2af8eb42d56 -> 
  custom:framework-win-MediaFoundation: 216162199b28c13a410421893ffa2e32 -> 
  custom:container-demuxer-ogg: 62fdf1f143b41e24485cea50d1cbac27 -> 
  custom:video-decoder-webm-vp8: 9c59270c3fd7afecdb556c50c9e8de78 -> 
  custom:audio-decoder-ogg-vorbis: bf7c407c2cedff20999df2af8eb42d56 -> 
========================================================================
Received Import Request.
  Time since last request: 290427.004048 seconds.
  path: Assets/ExampleAssets/Models/AC Cobra/ShelbyWD.blend
  artifactKey: Guid(ca8c67b872a346d42910d3e387c7b359) Importer(815301076,1909f56bfc062723c751e8b465ee728b)
Start importing Assets/ExampleAssets/Models/AC Cobra/ShelbyWD.blend using Guid(ca8c67b872a346d42910d3e387c7b359) Importer(815301076,1909f56bfc062723c751e8b465ee728b)  -> (artifact id: 'ef5ea3005fb8d882dd54bdacdb85da57') in 0.414347 seconds 
========================================================================
Received Import Request.
  Time since last request: 51.289828 seconds.
  path: Assets/ExampleAssets/Models/AC Cobra/ShelbyWD.dae
  artifactKey: Guid(47154cab272f291428d9bb9ca5b12285) Importer(815301076,1909f56bfc062723c751e8b465ee728b)
Start importing Assets/ExampleAssets/Models/AC Cobra/ShelbyWD.dae using Guid(47154cab272f291428d9bb9ca5b12285) Importer(815301076,1909f56bfc062723c751e8b465ee728b)  -> (artifact id: '591a2c612ef078b292b5ae4379b0d23f') in 0.258550 seconds 
========================================================================
Received Import Request.
  Time since last request: 0.044041 seconds.
  path: Assets/ExampleAssets/Models/AC Cobra/tumblr_mrwhlwvuZv1rhi6xto1_1280.jpg
  artifactKey: Guid(362168a3ee361144396e167b4f4578ba) Importer(815301076,1909f56bfc062723c751e8b465ee728b)
Start importing Assets/ExampleAssets/Models/AC Cobra/tumblr_mrwhlwvuZv1rhi6xto1_1280.jpg using Guid(362168a3ee361144396e167b4f4578ba) Importer(815301076,1909f56bfc062723c751e8b465ee728b)  -> (artifact id: '18c080a54d427f23c50da01c654602cc') in 0.028708 seconds 
========================================================================
Received Import Request.
  Time since last request: 4.200086 seconds.
  path: Assets/ExampleAssets/Models/AC Cobra/ShelbyWD.stl
  artifactKey: Guid(e143ab334cba32c43bef978c63e850c8) Importer(815301076,1909f56bfc062723c751e8b465ee728b)
Start importing Assets/ExampleAssets/Models/AC Cobra/ShelbyWD.stl using Guid(e143ab334cba32c43bef978c63e850c8) Importer(815301076,1909f56bfc062723c751e8b465ee728b)  -> (artifact id: '0817d36aa0686bb9c11db07742291fe0') in 0.004834 seconds 
========================================================================
Received Import Request.
  Time since last request: 1055.548753 seconds.
  path: Assets/ExampleAssets/Models/Evoix2.FBX
  artifactKey: Guid(59cc33b0fb4eb1f4a8903a4a8405403e) Importer(815301076,1909f56bfc062723c751e8b465ee728b)
Start importing Assets/ExampleAssets/Models/Evoix2.FBX using Guid(59cc33b0fb4eb1f4a8903a4a8405403e) Importer(815301076,1909f56bfc062723c751e8b465ee728b)  -> (artifact id: '8f03b71fdd71308be338d7fd31feddab') in 0.614106 seconds 
========================================================================
Received Import Request.
  Time since last request: 0.000029 seconds.
  path: Assets/ExampleAssets/Models/uploads_files_2787791_Mercedes+Benz+GLS+580.obj
  artifactKey: Guid(ba6801e36655a204d8d6464376b52cc0) Importer(815301076,1909f56bfc062723c751e8b465ee728b)
Start importing Assets/ExampleAssets/Models/uploads_files_2787791_Mercedes+Benz+GLS+580.obj using Guid(ba6801e36655a204d8d6464376b52cc0) Importer(815301076,1909f56bfc062723c751e8b465ee728b)  -> (artifact id: 'fe1d29a9066188173ec24da2163aa94b') in 0.025622 seconds 
========================================================================
Received Import Request.
  Time since last request: 0.000034 seconds.
  path: Assets/ExampleAssets/Models/uploads_files_2787791_Mercedes+Benz+GLS+580.fbx
  artifactKey: Guid(70cfa5e68e98adc4ab9caadcc0f7c065) Importer(815301076,1909f56bfc062723c751e8b465ee728b)
Start importing Assets/ExampleAssets/Models/uploads_files_2787791_Mercedes+Benz+GLS+580.fbx using Guid(70cfa5e68e98adc4ab9caadcc0f7c065) Importer(815301076,1909f56bfc062723c751e8b465ee728b)  -> (artifact id: '6f471a280fb532db9d3a82950f6e24cf') in 0.091308 seconds 
========================================================================
Received Import Request.
  Time since last request: 2.503662 seconds.
  path: Assets/ExampleAssets/Models/AC Cobra/BOTTOM MASK.tga
  artifactKey: Guid(2e913273ff3c8e542a1f93b602b28136) Importer(815301076,1909f56bfc062723c751e8b465ee728b)
Start importing Assets/ExampleAssets/Models/AC Cobra/BOTTOM MASK.tga using Guid(2e913273ff3c8e542a1f93b602b28136) Importer(815301076,1909f56bfc062723c751e8b465ee728b)  -> (artifact id: 'a5f9ab20d733034aa7b7cfe9447de05b') in 0.013071 seconds 
========================================================================
Received Import Request.
  Time since last request: 0.000024 seconds.
  path: Assets/ExampleAssets/Models/AC Cobra/CARBON.tga
  artifactKey: Guid(6e9db023b5fc33f4fbab014a97ac4b16) Importer(815301076,1909f56bfc062723c751e8b465ee728b)
Start importing Assets/ExampleAssets/Models/AC Cobra/CARBON.tga using Guid(6e9db023b5fc33f4fbab014a97ac4b16) Importer(815301076,1909f56bfc062723c751e8b465ee728b)  -> (artifact id: 'fdec71c4ef598edf20a1850c84ccf477') in 0.010501 seconds 
========================================================================
Received Import Request.
  Time since last request: 0.000037 seconds.
  path: Assets/ExampleAssets/Models/AC Cobra/BRIDE BLACK.tga
  artifactKey: Guid(42d72fc9c9be1c84a98512151af1f510) Importer(815301076,1909f56bfc062723c751e8b465ee728b)
Start importing Assets/ExampleAssets/Models/AC Cobra/BRIDE BLACK.tga using Guid(42d72fc9c9be1c84a98512151af1f510) Importer(815301076,1909f56bfc062723c751e8b465ee728b)  -> (artifact id: 'ed5737c03b8a8d0580b71309db160f83') in 0.008467 seconds 
========================================================================
Received Import Request.
  Time since last request: 1.648109 seconds.
  path: Assets/ExampleAssets/Models/AC Cobra/DOOR MASK.tga
  artifactKey: Guid(ad188abdf2605644fafee592e0bee667) Importer(815301076,1909f56bfc062723c751e8b465ee728b)
Start importing Assets/ExampleAssets/Models/AC Cobra/DOOR MASK.tga using Guid(ad188abdf2605644fafee592e0bee667) Importer(815301076,1909f56bfc062723c751e8b465ee728b)  -> (artifact id: '27b69efe60a4b33566db617d1d2071a2') in 0.007428 seconds 
========================================================================
Received Import Request.
  Time since last request: 0.038689 seconds.
  path: Assets/ExampleAssets/Models/AC Cobra/DOOR.tga
  artifactKey: Guid(b568fc13f68f79b4987e09f11aedb8e4) Importer(815301076,1909f56bfc062723c751e8b465ee728b)
Start importing Assets/ExampleAssets/Models/AC Cobra/DOOR.tga using Guid(b568fc13f68f79b4987e09f11aedb8e4) Importer(815301076,1909f56bfc062723c751e8b465ee728b)  -> (artifact id: 'c07aa97cb448eb4f0e83fbc43f4210f1') in 0.007334 seconds 
========================================================================
Received Import Request.
  Time since last request: 1.063962 seconds.
  path: Assets/ExampleAssets/Models/AC Cobra/DOORLINE.tga
  artifactKey: Guid(be9e4b75bfa01d74bbefdb7e349011dc) Importer(815301076,1909f56bfc062723c751e8b465ee728b)
Start importing Assets/ExampleAssets/Models/AC Cobra/DOORLINE.tga using Guid(be9e4b75bfa01d74bbefdb7e349011dc) Importer(815301076,1909f56bfc062723c751e8b465ee728b)  -> (artifact id: '5b0163e1afd4bd27deee8156797eab6e') in 0.006345 seconds 
========================================================================
Received Import Request.
  Time since last request: 0.009042 seconds.
  path: Assets/ExampleAssets/Models/AC Cobra/DRIVER CUTOUT.tga
  artifactKey: Guid(e7463303b70a1364d8fdd52101163a85) Importer(815301076,1909f56bfc062723c751e8b465ee728b)
Start importing Assets/ExampleAssets/Models/AC Cobra/DRIVER CUTOUT.tga using Guid(e7463303b70a1364d8fdd52101163a85) Importer(815301076,1909f56bfc062723c751e8b465ee728b)  -> (artifact id: '623d24520608fad9eb0351cb2ddb109e') in 0.007772 seconds 
========================================================================
Received Import Request.
  Time since last request: 0.011816 seconds.
  path: Assets/ExampleAssets/Models/AC Cobra/DRIVER.tga
  artifactKey: Guid(ff25bb140e5b0974d9200e72b0aba052) Importer(815301076,1909f56bfc062723c751e8b465ee728b)
Start importing Assets/ExampleAssets/Models/AC Cobra/DRIVER.tga using Guid(ff25bb140e5b0974d9200e72b0aba052) Importer(815301076,1909f56bfc062723c751e8b465ee728b)  -> (artifact id: '7530dcffb4b9c9fc310ec564e2ea596c') in 0.007326 seconds 
========================================================================
Received Import Request.
  Time since last request: 7.143019 seconds.
  path: Assets/ExampleAssets/Models/Audi R8/Audi R8- Studio Render Scene.blend
  artifactKey: Guid(86cbe576a2ea5924d97ff0cf2a93b0e3) Importer(815301076,1909f56bfc062723c751e8b465ee728b)
Start importing Assets/ExampleAssets/Models/Audi R8/Audi R8- Studio Render Scene.blend using Guid(86cbe576a2ea5924d97ff0cf2a93b0e3) Importer(815301076,1909f56bfc062723c751e8b465ee728b)  -> (artifact id: '61cce636c0d023b9f356417c27e3acfc') in 0.332127 seconds 
========================================================================
Received Import Request.
  Time since last request: 3.929864 seconds.
  path: Assets/ExampleAssets/Models/Audi R8/Models
  artifactKey: Guid(b3d82965bbb7d12438985d956b8144a8) Importer(815301076,1909f56bfc062723c751e8b465ee728b)
Start importing Assets/ExampleAssets/Models/Audi R8/Models using Guid(b3d82965bbb7d12438985d956b8144a8) Importer(815301076,1909f56bfc062723c751e8b465ee728b)  -> (artifact id: '7006da912e616437650413fbe182073e') in 0.001616 seconds 
========================================================================
Received Import Request.
  Time since last request: 0.053206 seconds.
  path: Assets/ExampleAssets/Models/Audi R8/Models/Audi R8.dae
  artifactKey: Guid(c12a867cf97658e4ab929cc469c51a61) Importer(815301076,1909f56bfc062723c751e8b465ee728b)
Start importing Assets/ExampleAssets/Models/Audi R8/Models/Audi R8.dae using Guid(c12a867cf97658e4ab929cc469c51a61) Importer(815301076,1909f56bfc062723c751e8b465ee728b)  -> (artifact id: 'de0a37ca0a14657a8bfceaa9276323bd') in 0.231935 seconds 
========================================================================
Received Import Request.
  Time since last request: 21.946089 seconds.
  path: Assets/ExampleAssets/Models/Audi R8/Render/Audi R8-2.png
  artifactKey: Guid(fe63b63c28f7340428b8a27d889d652d) Importer(815301076,1909f56bfc062723c751e8b465ee728b)
Start importing Assets/ExampleAssets/Models/Audi R8/Render/Audi R8-2.png using Guid(fe63b63c28f7340428b8a27d889d652d) Importer(815301076,1909f56bfc062723c751e8b465ee728b)  -> (artifact id: '235e276a70a5305567bbb0762e18cd28') in 0.011936 seconds 
========================================================================
Received Import Request.
  Time since last request: 4.874581 seconds.
  path: Assets/ExampleAssets/Models/Audi R8/Textures/Audi R8-black.jpg
  artifactKey: Guid(0f1633d21a7daac44a1ac58ec328f623) Importer(815301076,1909f56bfc062723c751e8b465ee728b)
Start importing Assets/ExampleAssets/Models/Audi R8/Textures/Audi R8-black.jpg using Guid(0f1633d21a7daac44a1ac58ec328f623) Importer(815301076,1909f56bfc062723c751e8b465ee728b)  -> (artifact id: '099d56e7bb10e889dae4bbc9ca09c5a7') in 0.011111 seconds 
========================================================================
Received Import Request.
  Time since last request: 0.000029 seconds.
  path: Assets/ExampleAssets/Models/Audi R8/Textures/Tire.tga
  artifactKey: Guid(63978a7802faf0346bec288104982c3c) Importer(815301076,1909f56bfc062723c751e8b465ee728b)
Start importing Assets/ExampleAssets/Models/Audi R8/Textures/Tire.tga using Guid(63978a7802faf0346bec288104982c3c) Importer(815301076,1909f56bfc062723c751e8b465ee728b)  -> (artifact id: '9cf379ac9ac9f30701f9731f5e92bd68') in 0.013016 seconds 
========================================================================
Received Import Request.
  Time since last request: 1015.102948 seconds.
  path: Assets/ExampleAssets/Models/Dodge
  artifactKey: Guid(9b672d18c14ecb54b8a5577c538a9710) Importer(815301076,1909f56bfc062723c751e8b465ee728b)
Start importing Assets/ExampleAssets/Models/Dodge using Guid(9b672d18c14ecb54b8a5577c538a9710) Importer(815301076,1909f56bfc062723c751e8b465ee728b)  -> (artifact id: 'f6a357b29bb9279f9fbaff79bbdbd7d0') in 0.002609 seconds 
========================================================================
Received Import Request.
  Time since last request: 0.060823 seconds.
  path: Assets/ExampleAssets/Models/Dodge/Dodge_Chellenger_SRT10_FBX.FBX
  artifactKey: Guid(30518a24b1a96d34ea808f55bcb555a0) Importer(815301076,1909f56bfc062723c751e8b465ee728b)
Start importing Assets/ExampleAssets/Models/Dodge/Dodge_Chellenger_SRT10_FBX.FBX using Guid(30518a24b1a96d34ea808f55bcb555a0) Importer(815301076,1909f56bfc062723c751e8b465ee728b)  -> (artifact id: 'f629173daf80617437fac338615dcb1a') in 0.126113 seconds 
========================================================================
Received Import Request.
  Time since last request: 101.369089 seconds.
  path: Assets/ExampleAssets/Models/Dodge/Dodge_Chellenger_SRT10_OBJ.obj
  artifactKey: Guid(7ec87d3050eb92d4ca6ce8d5f81ab240) Importer(815301076,1909f56bfc062723c751e8b465ee728b)
Start importing Assets/ExampleAssets/Models/Dodge/Dodge_Chellenger_SRT10_OBJ.obj using Guid(7ec87d3050eb92d4ca6ce8d5f81ab240) Importer(815301076,1909f56bfc062723c751e8b465ee728b)  -> (artifact id: '104461d4c9d45f88dc92c7a966b4b8aa') in 0.116360 seconds 
========================================================================
Received Import Request.
  Time since last request: 260.170684 seconds.
  path: Assets/ExampleAssets/Models/Catherham_Seven_Sigma_FBX.FBX
  artifactKey: Guid(dc744954a8b24364c8f4b12cb9161518) Importer(815301076,1909f56bfc062723c751e8b465ee728b)
Start importing Assets/ExampleAssets/Models/Catherham_Seven_Sigma_FBX.FBX using Guid(dc744954a8b24364c8f4b12cb9161518) Importer(815301076,1909f56bfc062723c751e8b465ee728b)  -> (artifact id: 'ced1e44e4540491706964776fba46738') in 0.094892 seconds 
========================================================================
Received Import Request.
  Time since last request: 0.000023 seconds.
  path: Assets/ExampleAssets/Models/Porsche_918_Spyder.fbx
  artifactKey: Guid(63a5dfae2381af64598ecd6b683fbfef) Importer(815301076,1909f56bfc062723c751e8b465ee728b)
Start importing Assets/ExampleAssets/Models/Porsche_918_Spyder.fbx using Guid(63a5dfae2381af64598ecd6b683fbfef) Importer(815301076,1909f56bfc062723c751e8b465ee728b)  -> (artifact id: 'd03ddce78cd2da3532a3ed2c6d3e3ac2') in 0.118376 seconds 
========================================================================
Received Import Request.
  Time since last request: 99.317499 seconds.
  path: Assets/ExampleAssets/Models/AC Cobra/Models/1.3DS
  artifactKey: Guid(bb3ec1202a59f834e8633824a15daa1c) Importer(815301076,1909f56bfc062723c751e8b465ee728b)
Start importing Assets/ExampleAssets/Models/AC Cobra/Models/1.3DS using Guid(bb3ec1202a59f834e8633824a15daa1c) Importer(815301076,1909f56bfc062723c751e8b465ee728b)  -> (artifact id: '379065532840de7928c669f0b64305af') in 0.242890 seconds 
========================================================================
Received Import Request.
  Time since last request: 2.237125 seconds.
  path: Assets/ExampleAssets/Models/AC Cobra/LANCEREVOX.FBX
  artifactKey: Guid(14d40005a201f2248835e0383ab15960) Importer(815301076,1909f56bfc062723c751e8b465ee728b)
Start importing Assets/ExampleAssets/Models/AC Cobra/LANCEREVOX.FBX using Guid(14d40005a201f2248835e0383ab15960) Importer(815301076,1909f56bfc062723c751e8b465ee728b)  -> (artifact id: 'e1273166d643a6251db019d5cd6ff743') in 0.775509 seconds 
========================================================================
Received Import Request.
  Time since last request: 0.000028 seconds.
  path: Assets/ExampleAssets/Models/AC Cobra/Evoix2.FBX
  artifactKey: Guid(0809c53bfbd567846bc89b2152fd56d9) Importer(815301076,1909f56bfc062723c751e8b465ee728b)
Start importing Assets/ExampleAssets/Models/AC Cobra/Evoix2.FBX using Guid(0809c53bfbd567846bc89b2152fd56d9) Importer(815301076,1909f56bfc062723c751e8b465ee728b)  -> (artifact id: '0f1d6f198434385ebc9bd1ee2f33a7cd') in 0.405111 seconds 
========================================================================
Received Import Request.
  Time since last request: 3.556678 seconds.
  path: Assets/ExampleAssets/Models/gtr.fbx
  artifactKey: Guid(d770a5537cb270d4eafc9d7c644eedd3) Importer(815301076,1909f56bfc062723c751e8b465ee728b)
Start importing Assets/ExampleAssets/Models/gtr.fbx using Guid(d770a5537cb270d4eafc9d7c644eedd3) Importer(815301076,1909f56bfc062723c751e8b465ee728b)  -> (artifact id: 'f704836b041ef403c0e6e56fb51e0dad') in 0.346181 seconds 
========================================================================
Received Import Request.
  Time since last request: 8.501643 seconds.
  path: Assets/ExampleAssets/Models/gtr.fbx
  artifactKey: Guid(d770a5537cb270d4eafc9d7c644eedd3) Importer(815301076,1909f56bfc062723c751e8b465ee728b)
Start importing Assets/ExampleAssets/Models/gtr.fbx using Guid(d770a5537cb270d4eafc9d7c644eedd3) Importer(815301076,1909f56bfc062723c751e8b465ee728b)  -> (artifact id: '3aca2e26322279a15713c685325d7955') in 0.355659 seconds 
========================================================================
Received Import Request.
  Time since last request: 8.446293 seconds.
  path: Assets/ExampleAssets/Models/gtr.fbx
  artifactKey: Guid(d770a5537cb270d4eafc9d7c644eedd3) Importer(815301076,1909f56bfc062723c751e8b465ee728b)
Start importing Assets/ExampleAssets/Models/gtr.fbx using Guid(d770a5537cb270d4eafc9d7c644eedd3) Importer(815301076,1909f56bfc062723c751e8b465ee728b)  -> (artifact id: '90a2d446eadc8515ccedfc721514afc7') in 0.354059 seconds 
========================================================================
Received Import Request.
  Time since last request: 10.749510 seconds.
  path: Assets/ExampleAssets/Models/gtr.fbx
  artifactKey: Guid(d770a5537cb270d4eafc9d7c644eedd3) Importer(815301076,1909f56bfc062723c751e8b465ee728b)
Start importing Assets/ExampleAssets/Models/gtr.fbx using Guid(d770a5537cb270d4eafc9d7c644eedd3) Importer(815301076,1909f56bfc062723c751e8b465ee728b)  -> (artifact id: '1458626bcec5d1bb663d85daf6f9615d') in 0.241833 seconds 
========================================================================
Received Import Request.
  Time since last request: 10.475753 seconds.
  path: Assets/ExampleAssets/Models/gtr.fbx
  artifactKey: Guid(d770a5537cb270d4eafc9d7c644eedd3) Importer(815301076,1909f56bfc062723c751e8b465ee728b)
Start importing Assets/ExampleAssets/Models/gtr.fbx using Guid(d770a5537cb270d4eafc9d7c644eedd3) Importer(815301076,1909f56bfc062723c751e8b465ee728b)  -> (artifact id: 'd3566233f575b454085cb3563187dfb0') in 0.325742 seconds 
========================================================================
Received Import Request.
  Time since last request: 5.639192 seconds.
  path: Assets/ExampleAssets/Models/gtr.fbx
  artifactKey: Guid(d770a5537cb270d4eafc9d7c644eedd3) Importer(815301076,1909f56bfc062723c751e8b465ee728b)
Start importing Assets/ExampleAssets/Models/gtr.fbx using Guid(d770a5537cb270d4eafc9d7c644eedd3) Importer(815301076,1909f56bfc062723c751e8b465ee728b)  -> (artifact id: 'f252bbf10099d47efaa9559609c143e9') in 0.326282 seconds 
========================================================================
Received Import Request.
  Time since last request: 259.523179 seconds.
  path: Assets/ExampleAssets/Models/2016 Custom Range Rover Sport FBX.fbx
  artifactKey: Guid(cf43bf208e152f249baf8905a12da855) Importer(815301076,1909f56bfc062723c751e8b465ee728b)
Start importing Assets/ExampleAssets/Models/2016 Custom Range Rover Sport FBX.fbx using Guid(cf43bf208e152f249baf8905a12da855) Importer(815301076,1909f56bfc062723c751e8b465ee728b)  -> (artifact id: '46fb15ae8527a4157ff84615468a7866') in 0.685465 seconds 
========================================================================
Received Import Request.
  Time since last request: 256.298471 seconds.
  path: Assets/ExampleAssets/Models/fbx
  artifactKey: Guid(9aec9ba6c20611840a7996d5445c13b2) Importer(815301076,1909f56bfc062723c751e8b465ee728b)
Start importing Assets/ExampleAssets/Models/fbx using Guid(9aec9ba6c20611840a7996d5445c13b2) Importer(815301076,1909f56bfc062723c751e8b465ee728b)  -> (artifact id: 'f62a4de8c787ffe2467ee4361eb812b7') in 0.001653 seconds 
========================================================================
Received Import Request.
  Time since last request: 0.032342 seconds.
  path: Assets/ExampleAssets/Models/fbx/class2010.FBX
  artifactKey: Guid(3d524725af3535b4d9bad766cb1fbd5a) Importer(815301076,1909f56bfc062723c751e8b465ee728b)
Start importing Assets/ExampleAssets/Models/fbx/class2010.FBX using Guid(3d524725af3535b4d9bad766cb1fbd5a) Importer(815301076,1909f56bfc062723c751e8b465ee728b)  -> (artifact id: 'dc14e43820cd3c4aa475bdf8cc23283a') in 0.173716 seconds 
