Using pre-set license
Built from '2021.3/staging' branch; Version is '2021.3.14f1 (eee1884e7226) revision 15655304'; Using compiler version '192829333'; Build Type 'Release'
OS: 'Windows 10  (10.0.19044) 64bit CoreSingleLanguage' Language: 'en' Physical Memory: 16236 MB
BatchMode: 1, IsHumanControllingUs: 0, StartBugReporterOnCrash: 0, Is64bit: 1, IsPro: 1

COMMAND LINE ARGUMENTS:
C:\Program Files\Unity\Hub\Editor\2021.3.14f1\Editor\Unity.exe
-adb2
-batchMode
-noUpm
-name
AssetImportWorker0
-projectPath
C:/Users/abdul/My project
-logFile
Logs/AssetImportWorker0.log
-srvPort
58492
Successfully changed project path to: C:/Users/abdul/My project
C:/Users/abdul/My project
[UnityMemory] Configuration Parameters - Can be set up in boot.config
    "memorysetup-bucket-allocator-granularity=16"
    "memorysetup-bucket-allocator-bucket-count=8"
    "memorysetup-bucket-allocator-block-size=33554432"
    "memorysetup-bucket-allocator-block-count=8"
    "memorysetup-main-allocator-block-size=16777216"
    "memorysetup-thread-allocator-block-size=16777216"
    "memorysetup-gfx-main-allocator-block-size=16777216"
    "memorysetup-gfx-thread-allocator-block-size=16777216"
    "memorysetup-cache-allocator-block-size=4194304"
    "memorysetup-typetree-allocator-block-size=2097152"
    "memorysetup-profiler-bucket-allocator-granularity=16"
    "memorysetup-profiler-bucket-allocator-bucket-count=8"
    "memorysetup-profiler-bucket-allocator-block-size=33554432"
    "memorysetup-profiler-bucket-allocator-block-count=8"
    "memorysetup-profiler-allocator-block-size=16777216"
    "memorysetup-profiler-editor-allocator-block-size=1048576"
    "memorysetup-temp-allocator-size-main=16777216"
    "memorysetup-job-temp-allocator-block-size=2097152"
    "memorysetup-job-temp-allocator-block-size-background=1048576"
    "memorysetup-job-temp-allocator-reduction-small-platforms=262144"
    "memorysetup-temp-allocator-size-background-worker=32768"
    "memorysetup-temp-allocator-size-job-worker=262144"
    "memorysetup-temp-allocator-size-preload-manager=33554432"
    "memorysetup-temp-allocator-size-nav-mesh-worker=65536"
    "memorysetup-temp-allocator-size-audio-worker=65536"
    "memorysetup-temp-allocator-size-cloud-worker=32768"
    "memorysetup-temp-allocator-size-gi-baking-worker=262144"
    "memorysetup-temp-allocator-size-gfx=262144"
Refreshing native plugins compatible for Editor in 93.76 ms, found 12 plugins.
Preloading 1 native plugins for Editor in 0.58 ms.
Initialize engine version: 2021.3.14f1 (eee1884e7226)
[Subsystems] Discovering subsystems at path C:/Program Files/Unity/Hub/Editor/2021.3.14f1/Editor/Data/Resources/UnitySubsystems
[Subsystems] Discovering subsystems at path C:/Users/abdul/My project/Assets
GfxDevice: creating device client; threaded=0; jobified=0
Direct3D:
    Version:  Direct3D 11.0 [level 11.1]
    Renderer: NVIDIA GeForce RTX 3060 Laptop GPU (ID=0x2560)
    Vendor:   NVIDIA
    VRAM:     6023 MB
    Driver:   30.0.15.1277
Initialize mono
Mono path[0] = 'C:/Program Files/Unity/Hub/Editor/2021.3.14f1/Editor/Data/Managed'
Mono path[1] = 'C:/Program Files/Unity/Hub/Editor/2021.3.14f1/Editor/Data/MonoBleedingEdge/lib/mono/unityjit-win32'
Mono config path = 'C:/Program Files/Unity/Hub/Editor/2021.3.14f1/Editor/Data/MonoBleedingEdge/etc'
Using monoOptions --debugger-agent=transport=dt_socket,embedding=1,server=y,suspend=n,address=127.0.0.1:56144
Begin MonoManager ReloadAssembly
Registering precompiled unity dll's ...
Register platform support module: C:/Program Files/Unity/Hub/Editor/2021.3.14f1/Editor/Data/PlaybackEngines/WebGLSupport/UnityEditor.WebGL.Extensions.dll
Register platform support module: C:/Program Files/Unity/Hub/Editor/2021.3.14f1/Editor/Data/PlaybackEngines/WindowsStandaloneSupport/UnityEditor.WindowsStandalone.Extensions.dll
Registered in 0.008172 seconds.
Native extension for WindowsStandalone target not found
Native extension for WebGL target not found
Refreshing native plugins compatible for Editor in 71.92 ms, found 12 plugins.
Preloading 1 native plugins for Editor in 0.09 ms.
Mono: successfully reloaded assembly
- Completed reload, in  0.507 seconds
Domain Reload Profiling:
	ReloadAssembly (507ms)
		BeginReloadAssembly (61ms)
			ExecutionOrderSort (0ms)
			DisableScriptedObjects (0ms)
			BackupInstance (0ms)
			ReleaseScriptingObjects (0ms)
			CreateAndSetChildDomain (1ms)
		EndReloadAssembly (352ms)
			LoadAssemblies (59ms)
			RebuildTransferFunctionScriptingTraits (0ms)
			SetupTypeCache (79ms)
			ReleaseScriptCaches (0ms)
			RebuildScriptCaches (19ms)
			SetupLoadedEditorAssemblies (210ms)
				LogAssemblyErrors (0ms)
				InitializePlatformSupportModulesInManaged (8ms)
				SetLoadedEditorAssemblies (0ms)
				RefreshPlugins (72ms)
				BeforeProcessingInitializeOnLoad (1ms)
				ProcessInitializeOnLoadAttributes (94ms)
				ProcessInitializeOnLoadMethodAttributes (35ms)
				AfterProcessingInitializeOnLoad (0ms)
				EditorAssembliesLoaded (0ms)
			ExecutionOrderSort2 (0ms)
			AwakeInstancesAfterBackupRestoration (0ms)
Platform modules already initialized, skipping
Registering precompiled user dll's ...
Registered in 0.011940 seconds.
Begin MonoManager ReloadAssembly
Symbol file LoadedFromMemory doesn't match image C:\Users\abdul\My project\Library\PackageCache\com.unity.visualscripting@1.7.8\Editor\VisualScripting.Core\Dependencies\DotNetZip\Unity.VisualScripting.IonicZip.dll
Symbol file LoadedFromMemory doesn't match image C:\Users\abdul\My project\Library\PackageCache\com.unity.visualscripting@1.7.8\Editor\VisualScripting.Core\Dependencies\YamlDotNet\Unity.VisualScripting.YamlDotNet.dll
Native extension for WindowsStandalone target not found
Native extension for WebGL target not found
Refreshing native plugins compatible for Editor in 70.12 ms, found 12 plugins.
Preloading 1 native plugins for Editor in 0.07 ms.
Package Manager log level set to [2]
System.Reflection.TargetInvocationException: Exception has been thrown by the target of an invocation. ---> System.NullReferenceException: Object reference not set to an instance of an object
  at Unity.XR.Oculus.OculusLoader.AssetPathToAbsolutePath (System.String assetPath) [0x0003d] in C:\Users\abdul\My project\Library\PackageCache\com.unity.xr.oculus@3.2.1\Runtime\OculusLoader.cs:296 
  at Unity.XR.Oculus.OculusLoader.EditorLoadOVRPlugin () [0x0007b] in C:\Users\abdul\My project\Library\PackageCache\com.unity.xr.oculus@3.2.1\Runtime\OculusLoader.cs:281 
  at (wrapper managed-to-native) System.Reflection.RuntimeMethodInfo.InternalInvoke(System.Reflection.RuntimeMethodInfo,object,object[],System.Exception&)
  at System.Reflection.RuntimeMethodInfo.Invoke (System.Object obj, System.Reflection.BindingFlags invokeAttr, System.Reflection.Binder binder, System.Object[] parameters, System.Globalization.CultureInfo culture) [0x0006a] in <d6232873609549b8a045fa15811a5bd3>:0 
   --- End of inner exception stack trace ---
  at System.Reflection.RuntimeMethodInfo.Invoke (System.Object obj, System.Reflection.BindingFlags invokeAttr, System.Reflection.Binder binder, System.Object[] parameters, System.Globalization.CultureInfo culture) [0x00083] in <d6232873609549b8a045fa15811a5bd3>:0 
  at System.Reflection.MethodBase.Invoke (System.Object obj, System.Object[] parameters) [0x00000] in <d6232873609549b8a045fa15811a5bd3>:0 
  at UnityEditor.EditorAssemblies.ProcessInitializeOnLoadMethodAttributes () [0x000a5] in <6a5b55f2e18b419e9faedac06ac6af94>:0 
UnityEngine.StackTraceUtility:ExtractStackTrace ()
UnityEngine.DebugLogHandler:LogFormat (UnityEngine.LogType,UnityEngine.Object,string,object[])
UnityEngine.Logger:Log (UnityEngine.LogType,object)
UnityEngine.Debug:LogError (object)
UnityEditor.EditorAssemblies:ProcessInitializeOnLoadMethodAttributes ()

Mono: successfully reloaded assembly
- Completed reload, in  0.990 seconds
Domain Reload Profiling:
	ReloadAssembly (991ms)
		BeginReloadAssembly (94ms)
			ExecutionOrderSort (0ms)
			DisableScriptedObjects (5ms)
			BackupInstance (0ms)
			ReleaseScriptingObjects (0ms)
			CreateAndSetChildDomain (18ms)
		EndReloadAssembly (799ms)
			LoadAssemblies (74ms)
			RebuildTransferFunctionScriptingTraits (0ms)
			SetupTypeCache (208ms)
			ReleaseScriptCaches (1ms)
			RebuildScriptCaches (48ms)
			SetupLoadedEditorAssemblies (429ms)
				LogAssemblyErrors (0ms)
				InitializePlatformSupportModulesInManaged (6ms)
				SetLoadedEditorAssemblies (0ms)
				RefreshPlugins (70ms)
				BeforeProcessingInitializeOnLoad (82ms)
				ProcessInitializeOnLoadAttributes (236ms)
				ProcessInitializeOnLoadMethodAttributes (27ms)
				AfterProcessingInitializeOnLoad (9ms)
				EditorAssembliesLoaded (0ms)
			ExecutionOrderSort2 (0ms)
			AwakeInstancesAfterBackupRestoration (5ms)
Platform modules already initialized, skipping
========================================================================
Worker process is ready to serve import requests
Launched and connected shader compiler UnityShaderCompiler.exe after 0.03 seconds
Refreshing native plugins compatible for Editor in 0.95 ms, found 12 plugins.
Preloading 1 native plugins for Editor in 0.09 ms.
Unloading 4064 Unused Serialized files (Serialized files now loaded: 0)
Unloading 54 unused Assets / (114.5 KB). Loaded Objects now: 4500.
Memory consumption went from 141.8 MB to 141.7 MB.
Total: 4.211500 ms (FindLiveObjects: 0.309500 ms CreateObjectMapping: 0.121100 ms MarkObjects: 3.643600 ms  DeleteObjects: 0.136000 ms)

AssetImportParameters requested are different than current active one (requested -> active):
  custom:video-decoder-ogg-theora: a1e56fd34408186e4bbccfd4996cb3dc -> 
  custom:container-muxer-webm: aa71ff27fc2769a1b78a27578f13a17b -> 
  custom:container-demuxer-webm: 4f35f7cbe854078d1ac9338744f61a02 -> 
  custom:video-encoder-webm-vp8: eb34c28f22e8b96e1ab97ce403110664 -> 
  custom:video-codec-MediaFoundation-h265: 746d11721c4dcdbdad8f713fa42b33f4 -> 
  custom:audio-encoder-webm-vorbis: bf7c407c2cedff20999df2af8eb42d56 -> 
  custom:framework-win-MediaFoundation: 216162199b28c13a410421893ffa2e32 -> 
  custom:container-demuxer-ogg: 62fdf1f143b41e24485cea50d1cbac27 -> 
  custom:video-decoder-webm-vp8: 9c59270c3fd7afecdb556c50c9e8de78 -> 
  custom:audio-decoder-ogg-vorbis: bf7c407c2cedff20999df2af8eb42d56 -> 
========================================================================
Received Import Request.
  Time since last request: 286804.210874 seconds.
  path: Assets/ExampleAssets/Models/XRControllerLeft.fbx
  artifactKey: Guid(e48d18018a0ba46c283d9fd9c227e578) Importer(815301076,1909f56bfc062723c751e8b465ee728b)
Start importing Assets/ExampleAssets/Models/XRControllerLeft.fbx using Guid(e48d18018a0ba46c283d9fd9c227e578) Importer(815301076,1909f56bfc062723c751e8b465ee728b)  -> (artifact id: '4b637e27eb52fc4dc0f1c2582139cc85') in 0.336368 seconds 
========================================================================
Received Import Request.
  Time since last request: 157.170487 seconds.
  path: Assets/ExampleAssets/Models/warehouse_fbx.fbx
  artifactKey: Guid(cd6ce15703d0a9744a61cbe1a9a8c1c9) Importer(815301076,1909f56bfc062723c751e8b465ee728b)
Start importing Assets/ExampleAssets/Models/warehouse_fbx.fbx using Guid(cd6ce15703d0a9744a61cbe1a9a8c1c9) Importer(815301076,1909f56bfc062723c751e8b465ee728b)  -> (artifact id: '5235a749cc7a5914d88c77ac38e033d6') in 27.864110 seconds 
========================================================================
Received Import Request.
  Time since last request: 1110.667451 seconds.
  path: Assets/ExampleAssets/Models/uploads_files_3103192_mustang+gt+2015+sketch.fbx
  artifactKey: Guid(039d8f2a0f215464da43df17324d91bb) Importer(815301076,1909f56bfc062723c751e8b465ee728b)
Start importing Assets/ExampleAssets/Models/uploads_files_3103192_mustang+gt+2015+sketch.fbx using Guid(039d8f2a0f215464da43df17324d91bb) Importer(815301076,1909f56bfc062723c751e8b465ee728b)  -> (artifact id: '2a662619e7050912f136495cd46ff440') in 0.228042 seconds 
========================================================================
Received Import Request.
  Time since last request: 0.000033 seconds.
  path: Assets/ExampleAssets/Models/uploads_files_4053985_porsche+918+spyder+2016.obj
  artifactKey: Guid(7f043b4d3b4b5564e8df9b3e036b2dad) Importer(815301076,1909f56bfc062723c751e8b465ee728b)
Start importing Assets/ExampleAssets/Models/uploads_files_4053985_porsche+918+spyder+2016.obj using Guid(7f043b4d3b4b5564e8df9b3e036b2dad) Importer(815301076,1909f56bfc062723c751e8b465ee728b)  -> (artifact id: 'c88c74bc4e0a8d808d92d374f8f6fe73') in 0.075211 seconds 
========================================================================
Received Import Request.
  Time since last request: 93.658803 seconds.
  path: Assets/ExampleAssets/Materials/Controller.mat
  artifactKey: Guid(3d2e36aacd7dc084b96e0755f1af4137) Importer(815301076,1909f56bfc062723c751e8b465ee728b)
Start importing Assets/ExampleAssets/Materials/Controller.mat using Guid(3d2e36aacd7dc084b96e0755f1af4137) Importer(815301076,1909f56bfc062723c751e8b465ee728b)  -> (artifact id: '00c5ad4782cb3d717d9685cc33028d7f') in 0.008621 seconds 
========================================================================
Received Import Request.
  Time since last request: 0.000015 seconds.
  path: Assets/ExampleAssets/Materials/Skybox Light.mat
  artifactKey: Guid(3a408e788dcbed6429c8d22a01b32a76) Importer(815301076,1909f56bfc062723c751e8b465ee728b)
Start importing Assets/ExampleAssets/Materials/Skybox Light.mat using Guid(3a408e788dcbed6429c8d22a01b32a76) Importer(815301076,1909f56bfc062723c751e8b465ee728b)  -> (artifact id: '592b17cdbba0638d9bb60daded0f5f29') in 0.009719 seconds 
========================================================================
Received Import Request.
  Time since last request: 253.038604 seconds.
  path: Assets/ExampleAssets/Models/Porsche_911_GT2.obj
  artifactKey: Guid(b28507c2f0976164d82f49c9344b87db) Importer(815301076,1909f56bfc062723c751e8b465ee728b)
Start importing Assets/ExampleAssets/Models/Porsche_911_GT2.obj using Guid(b28507c2f0976164d82f49c9344b87db) Importer(815301076,1909f56bfc062723c751e8b465ee728b)  -> (artifact id: '1eea3dd1f8b4476ed127121ab081613a') in 0.232499 seconds 
========================================================================
Received Import Request.
  Time since last request: 0.000023 seconds.
  path: Assets/ExampleAssets/Models/uploads_files_2792345_Koenigsegg.fbx
  artifactKey: Guid(7785dec36daa6ca4f980760908c762e0) Importer(815301076,1909f56bfc062723c751e8b465ee728b)
Start importing Assets/ExampleAssets/Models/uploads_files_2792345_Koenigsegg.fbx using Guid(7785dec36daa6ca4f980760908c762e0) Importer(815301076,1909f56bfc062723c751e8b465ee728b)  -> (artifact id: '2470ea02d57ddcd3c9aa7a79b61420f9') in 0.060882 seconds 
========================================================================
Received Import Request.
  Time since last request: 1975.720715 seconds.
  path: Assets/ExampleAssets/Models/AC Cobra
  artifactKey: Guid(0a030a16e1aa0224c9e26afebabb075a) Importer(815301076,1909f56bfc062723c751e8b465ee728b)
Start importing Assets/ExampleAssets/Models/AC Cobra using Guid(0a030a16e1aa0224c9e26afebabb075a) Importer(815301076,1909f56bfc062723c751e8b465ee728b)  -> (artifact id: '4f1cee040fd3249917263070d46d7114') in 0.002113 seconds 
========================================================================
Received Import Request.
  Time since last request: 0.041447 seconds.
  path: Assets/ExampleAssets/Models/AC Cobra/Compteur.png
  artifactKey: Guid(b8e5091d271cbe444b2ce0abe30475e0) Importer(815301076,1909f56bfc062723c751e8b465ee728b)
Start importing Assets/ExampleAssets/Models/AC Cobra/Compteur.png using Guid(b8e5091d271cbe444b2ce0abe30475e0) Importer(815301076,1909f56bfc062723c751e8b465ee728b)  -> (artifact id: '5d77d3cb6f828af9e2f1aa584be2b42e') in 0.043387 seconds 
========================================================================
Received Import Request.
  Time since last request: 0.000018 seconds.
  path: Assets/ExampleAssets/Models/AC Cobra/Shelby.blend
  artifactKey: Guid(92ceddeb5a70aef4caf4b4beb000fe0e) Importer(815301076,1909f56bfc062723c751e8b465ee728b)
Start importing Assets/ExampleAssets/Models/AC Cobra/Shelby.blend using Guid(92ceddeb5a70aef4caf4b4beb000fe0e) Importer(815301076,1909f56bfc062723c751e8b465ee728b)  -> (artifact id: '8741f5a621d4f434ed309547f7244066') in 0.385844 seconds 
========================================================================
Received Import Request.
  Time since last request: 1.190271 seconds.
  path: Assets/ExampleAssets/Models/AC Cobra/Shelby1.png
  artifactKey: Guid(e1d9c1abc67a5b245b6cfa27e788af36) Importer(815301076,1909f56bfc062723c751e8b465ee728b)
Start importing Assets/ExampleAssets/Models/AC Cobra/Shelby1.png using Guid(e1d9c1abc67a5b245b6cfa27e788af36) Importer(815301076,1909f56bfc062723c751e8b465ee728b)  -> (artifact id: '9a299dfd1ec52020eb74c25b5ea3574b') in 0.007959 seconds 
========================================================================
Received Import Request.
  Time since last request: 0.762097 seconds.
  path: Assets/ExampleAssets/Models/AC Cobra/Shelby_logo.png
  artifactKey: Guid(44dbedb19eba7ca40932b913acb88c14) Importer(815301076,1909f56bfc062723c751e8b465ee728b)
Start importing Assets/ExampleAssets/Models/AC Cobra/Shelby_logo.png using Guid(44dbedb19eba7ca40932b913acb88c14) Importer(815301076,1909f56bfc062723c751e8b465ee728b)  -> (artifact id: 'fd61189965ecce4726209ed762a806a6') in 0.007728 seconds 
========================================================================
Received Import Request.
  Time since last request: 0.426962 seconds.
  path: Assets/ExampleAssets/Models/AC Cobra/ShelbyWD.3ds
  artifactKey: Guid(e01b201059dbb914789d01f700b76ec2) Importer(815301076,1909f56bfc062723c751e8b465ee728b)
Start importing Assets/ExampleAssets/Models/AC Cobra/ShelbyWD.3ds using Guid(e01b201059dbb914789d01f700b76ec2) Importer(815301076,1909f56bfc062723c751e8b465ee728b)  -> (artifact id: '3e7fdc8a5fdea3274d18bd7d91a708b8') in 0.227894 seconds 
========================================================================
Received Import Request.
  Time since last request: 1112.213684 seconds.
  path: Assets/ExampleAssets/Models/LANCEREVOX.FBX
  artifactKey: Guid(56ad65287c2678741b081e5604eed2cb) Importer(815301076,1909f56bfc062723c751e8b465ee728b)
Start importing Assets/ExampleAssets/Models/LANCEREVOX.FBX using Guid(56ad65287c2678741b081e5604eed2cb) Importer(815301076,1909f56bfc062723c751e8b465ee728b)  -> (artifact id: 'e6b1bbe256fef1e57efdb60133e86785') in 1.029556 seconds 
========================================================================
Received Import Request.
  Time since last request: 2.217925 seconds.
  path: Assets/ExampleAssets/Models/AC Cobra/BOTTOM.tga
  artifactKey: Guid(d5c5fc0c8e4a4e54d9cc981a7aa9f4fa) Importer(815301076,1909f56bfc062723c751e8b465ee728b)
Start importing Assets/ExampleAssets/Models/AC Cobra/BOTTOM.tga using Guid(d5c5fc0c8e4a4e54d9cc981a7aa9f4fa) Importer(815301076,1909f56bfc062723c751e8b465ee728b)  -> (artifact id: '0097e965fa1f8bee864fc67f168b59c1') in 0.013844 seconds 
========================================================================
Received Import Request.
  Time since last request: 0.000016 seconds.
  path: Assets/ExampleAssets/Models/AC Cobra/BRAKDISC.tga
  artifactKey: Guid(bb341d4489e093b40ab31b65869be751) Importer(815301076,1909f56bfc062723c751e8b465ee728b)
Start importing Assets/ExampleAssets/Models/AC Cobra/BRAKDISC.tga using Guid(bb341d4489e093b40ab31b65869be751) Importer(815301076,1909f56bfc062723c751e8b465ee728b)  -> (artifact id: '323c2bc7a48cf64b1631e4db1315c0b9') in 0.018291 seconds 
========================================================================
Received Import Request.
  Time since last request: 1.708712 seconds.
  path: Assets/ExampleAssets/Models/AC Cobra/DOORLINE MASK.tga
  artifactKey: Guid(c8322e7f46785b845b88428dfada78fa) Importer(815301076,1909f56bfc062723c751e8b465ee728b)
Start importing Assets/ExampleAssets/Models/AC Cobra/DOORLINE MASK.tga using Guid(c8322e7f46785b845b88428dfada78fa) Importer(815301076,1909f56bfc062723c751e8b465ee728b)  -> (artifact id: '61558dd61f2f2eba9edc94941127d77c') in 0.007033 seconds 
========================================================================
Received Import Request.
  Time since last request: 1.086179 seconds.
  path: Assets/ExampleAssets/Models/AC Cobra/DRIVER SPORT.tga
  artifactKey: Guid(c74b4dcaeec83524a8ad5f468ec654fd) Importer(815301076,1909f56bfc062723c751e8b465ee728b)
Start importing Assets/ExampleAssets/Models/AC Cobra/DRIVER SPORT.tga using Guid(c74b4dcaeec83524a8ad5f468ec654fd) Importer(815301076,1909f56bfc062723c751e8b465ee728b)  -> (artifact id: 'e2b6de618b6fd2a6b941a9a61309b958') in 0.008187 seconds 
========================================================================
Received Import Request.
  Time since last request: 7.167238 seconds.
  path: Assets/ExampleAssets/Models/Audi R8/Audi R8.blend
  artifactKey: Guid(e1906c0d9db4bdb448985bbd47fd102e) Importer(815301076,1909f56bfc062723c751e8b465ee728b)
Start importing Assets/ExampleAssets/Models/Audi R8/Audi R8.blend using Guid(e1906c0d9db4bdb448985bbd47fd102e) Importer(815301076,1909f56bfc062723c751e8b465ee728b)  -> (artifact id: '87c1c9069591d1c4d97a4b4792975257') in 0.309357 seconds 
========================================================================
Received Import Request.
  Time since last request: 4.014653 seconds.
  path: Assets/ExampleAssets/Models/Audi R8/Models/Audi R8.fbx
  artifactKey: Guid(adec9ab5d168d1e45a59ce125a1b33d0) Importer(815301076,1909f56bfc062723c751e8b465ee728b)
Start importing Assets/ExampleAssets/Models/Audi R8/Models/Audi R8.fbx using Guid(adec9ab5d168d1e45a59ce125a1b33d0) Importer(815301076,1909f56bfc062723c751e8b465ee728b)  -> (artifact id: '7f1f8c92093aed6d07ed81ec58dd79a9') in 0.243426 seconds 
========================================================================
Received Import Request.
  Time since last request: 21.934045 seconds.
  path: Assets/ExampleAssets/Models/Audi R8/Render/Audi R8.png
  artifactKey: Guid(f17ca3cb9b060b948bb22f614efcbfaa) Importer(815301076,1909f56bfc062723c751e8b465ee728b)
Start importing Assets/ExampleAssets/Models/Audi R8/Render/Audi R8.png using Guid(f17ca3cb9b060b948bb22f614efcbfaa) Importer(815301076,1909f56bfc062723c751e8b465ee728b)  -> (artifact id: 'f04a8c8bf8ff19db9fb149d0d523c561') in 0.009909 seconds 
========================================================================
Received Import Request.
  Time since last request: 4.876249 seconds.
  path: Assets/ExampleAssets/Models/Audi R8/Textures/Audi R8-white.jpg
  artifactKey: Guid(f1ff73bc2ad4dcc4a81c6acdc6c772f6) Importer(815301076,1909f56bfc062723c751e8b465ee728b)
Start importing Assets/ExampleAssets/Models/Audi R8/Textures/Audi R8-white.jpg using Guid(f1ff73bc2ad4dcc4a81c6acdc6c772f6) Importer(815301076,1909f56bfc062723c751e8b465ee728b)  -> (artifact id: 'cf7c6aa5550f57a5d7d6d77c51820516') in 0.012045 seconds 
Editor requested this worker to shutdown with reason: Scaling down because of idle timeout
AssetImportWorkerClient::OnTransportError - code=2 error=End of file
AssetImportWorker is now disconnected from the server
Process exiting
Exiting without the bug reporter. Application will terminate with return code 0